*** Using Compiler 'V5.06 update 7 (build 960)', folder: 'C:\Users\yrj\AppData\Local\Keil_v5\ARM\ARMCC\Bin'
Rebuild target 'Controller'
assembling startup_stm32f103xb.s...
compiling delay.c...
compiling Drv_Heater.c...
compiling MTimer.c...
compiling Drv_Lcd.c...
compiling Drv_Sensor.c...
compiling Pid.c...
compiling Drv_Encoder.c...
compiling Drv_Spi.c...
compiling uc1609.c...
compiling Drv_Uart.c...
compiling Drv_Bluetooth.c...
compiling Drv_Motor.c...
compiling Protocol.c...
compiling max6675.c...
compiling Application.c...
compiling stm32f1xx_it.c...
compiling System_DataPool.c...
compiling stm32f1xx_hal_gpio_ex.c...
compiling stm32f1xx_hal.c...
compiling stm32f1xx_hal_rcc_ex.c...
compiling stm32f1xx_hal_gpio.c...
compiling main.c...
compiling stm32f1xx_hal_msp.c...
compiling stm32f1xx_hal_dma.c...
compiling stm32f1xx_hal_rcc.c...
compiling stm32f1xx_hal_spi.c...
compiling stm32f1xx_hal_cortex.c...
compiling system_stm32f1xx.c...
compiling stm32f1xx_hal_exti.c...
compiling stm32f1xx_hal_pwr.c...
compiling stm32f1xx_hal_flash_ex.c...
compiling stm32f1xx_hal_flash.c...
compiling stm32f1xx_hal_tim_ex.c...
compiling stm32f1xx_hal_uart.c...
compiling stm32f1xx_hal_tim.c...
linking...
Program Size: Code=16294 RO-data=2326 RW-data=416 ZI-data=4344  
FromELF: creating hex file...
"Controller\Controller.axf" - 0 Error(s), 0 Warning(s).
Build Time Elapsed:  00:00:08
